nohup: ignoring input

  .   ____          _            __ _ _
 /\\ / ___'_ __ _ _(_)_ __  __ _ \ \ \ \
( ( )\___ | '_ | '_| | '_ \/ _` | \ \ \ \
 \\/  ___)| |_)| | | | | || (_| |  ) ) ) )
  '  |____| .__|_| |_|_| |_\__, | / / / /
 =========|_|==============|___/=/_/_/_/
 :: Spring Boot ::                (v3.2.2)

2024-03-10T12:48:03.362Z  INFO 810639 --- [           main] b.ocdbackend.OcdbackendApplication       : Starting OcdbackendApplication v0.0.1-SNAPSHOT using Java 17.0.10 with PID 810639 (/home/iiitd/OCD/OCD_APP/ocdbackend/target/ocd_backend.jar started by iiitd in /home/iiitd/OCD/OCD_APP/ocdbackend)
2024-03-10T12:48:03.367Z  INFO 810639 --- [           main] b.ocdbackend.OcdbackendApplication       : No active profile set, falling back to 1 default profile: "default"
2024-03-10T12:48:04.586Z  INFO 810639 --- [           main] .s.d.r.c.RepositoryConfigurationDelegate : Bootstrapping Spring Data MongoDB repositories in DEFAULT mode.
2024-03-10T12:48:04.663Z  INFO 810639 --- [           main] .s.d.r.c.RepositoryConfigurationDelegate : Finished Spring Data repository scanning in 71 ms. Found 2 MongoDB repository interfaces.
2024-03-10T12:48:05.399Z  INFO 810639 --- [           main] o.s.b.w.embedded.tomcat.TomcatWebServer  : Tomcat initialized with port 8081 (http)
2024-03-10T12:48:05.415Z  INFO 810639 --- [           main] o.apache.catalina.core.StandardService   : Starting service [Tomcat]
2024-03-10T12:48:05.416Z  INFO 810639 --- [           main] o.apache.catalina.core.StandardEngine    : Starting Servlet engine: [Apache Tomcat/10.1.18]
2024-03-10T12:48:05.472Z  INFO 810639 --- [           main] o.a.c.c.C.[Tomcat].[localhost].[/]       : Initializing Spring embedded WebApplicationContext
2024-03-10T12:48:05.474Z  INFO 810639 --- [           main] w.s.c.ServletWebServerApplicationContext : Root WebApplicationContext: initialization completed in 1939 ms
2024-03-10T12:48:06.356Z  INFO 810639 --- [           main] org.mongodb.driver.client                : MongoClient with metadata {"driver": {"name": "mongo-java-driver|sync|spring-boot", "version": "4.11.1"}, "os": {"type": "Linux", "name": "Linux", "architecture": "amd64", "version": "5.15.0-71-generic"}, "platform": "Java/Private Build/17.0.10+7-Ubuntu-122.04.1"} created with settings MongoClientSettings{readPreference=primary, writeConcern=WriteConcern{w=null, wTimeout=null ms, journal=null}, retryWrites=true, retryReads=true, readConcern=ReadConcern{level=null}, credential=MongoCredential{mechanism=null, userName='mohits', source='admin', password=<hidden>, mechanismProperties=<hidden>}, transportSettings=null, streamFactoryFactory=null, commandListeners=[], codecRegistry=ProvidersCodecRegistry{codecProviders=[ValueCodecProvider{}, BsonValueCodecProvider{}, DBRefCodecProvider{}, DBObjectCodecProvider{}, DocumentCodecProvider{}, CollectionCodecProvider{}, IterableCodecProvider{}, MapCodecProvider{}, GeoJsonCodecProvider{}, GridFSFileCodecProvider{}, Jsr310CodecProvider{}, JsonObjectCodecProvider{}, BsonCodecProvider{}, EnumCodecProvider{}, com.mongodb.client.model.mql.ExpressionCodecProvider@58b5a2f3, com.mongodb.Jep395RecordCodecProvider@25f15f50, com.mongodb.KotlinCodecProvider@52b46d52]}, loggerSettings=LoggerSettings{maxDocumentLength=1000}, clusterSettings={hosts=[192.168.2.214:27017], srvServiceName=mongodb, mode=SINGLE, requiredClusterType=UNKNOWN, requiredReplicaSetName='null', serverSelector='null', clusterListeners='[]', serverSelectionTimeout='30000 ms', localThreshold='15 ms'}, socketSettings=SocketSettings{connectTimeoutMS=10000, readTimeoutMS=0, receiveBufferSize=0, proxySettings=ProxySettings{host=null, port=null, username=null, password=null}}, heartbeatSocketSettings=SocketSettings{connectTimeoutMS=10000, readTimeoutMS=10000, receiveBufferSize=0, proxySettings=ProxySettings{host=null, port=null, username=null, password=null}}, connectionPoolSettings=ConnectionPoolSettings{maxSize=100, minSize=0, maxWaitTimeMS=120000, maxConnectionLifeTimeMS=0, maxConnectionIdleTimeMS=0, maintenanceInitialDelayMS=0, maintenanceFrequencyMS=60000, connectionPoolListeners=[], maxConnecting=2}, serverSettings=ServerSettings{heartbeatFrequencyMS=10000, minHeartbeatFrequencyMS=500, serverListeners='[]', serverMonitorListeners='[]'}, sslSettings=SslSettings{enabled=false, invalidHostNameAllowed=false, context=null}, applicationName='null', compressorList=[], uuidRepresentation=JAVA_LEGACY, serverApi=null, autoEncryptionSettings=null, dnsClient=null, inetAddressResolver=null, contextProvider=null}
2024-03-10T12:48:06.394Z  INFO 810639 --- [168.2.214:27017] org.mongodb.driver.cluster               : Monitor thread successfully connected to server with description ServerDescription{address=192.168.2.214:27017, type=STANDALONE, state=CONNECTED, ok=true, minWireVersion=0, maxWireVersion=21, maxDocumentSize=16777216, logicalSessionTimeoutMinutes=30, roundTripTimeNanos=38631527}
2024-03-10T12:48:07.728Z  INFO 810639 --- [           main] o.s.s.web.DefaultSecurityFilterChain     : Will secure any request with [org.springframework.security.web.session.DisableEncodeUrlFilter@108b121f, org.springframework.security.web.context.request.async.WebAsyncManagerIntegrationFilter@46ab4efc, org.springframework.security.web.context.SecurityContextHolderFilter@7f8c3646, org.springframework.security.web.header.HeaderWriterFilter@4239262e, org.springframework.web.filter.CorsFilter@2ff498b0, org.springframework.security.web.authentication.logout.LogoutFilter@113eed88, org.springframework.security.oauth2.server.resource.web.authentication.BearerTokenAuthenticationFilter@46b5f061, org.springframework.security.web.savedrequest.RequestCacheAwareFilter@3375b118, org.springframework.security.web.servletapi.SecurityContextHolderAwareRequestFilter@667797f, org.springframework.security.web.authentication.AnonymousAuthenticationFilter@b5312df, org.springframework.security.web.session.SessionManagementFilter@286866cb, org.springframework.security.web.access.ExceptionTranslationFilter@44384b4a, org.springframework.security.web.access.intercept.AuthorizationFilter@77ce88c4]
2024-03-10T12:48:07.955Z  INFO 810639 --- [           main] o.s.b.w.embedded.tomcat.TomcatWebServer  : Tomcat started on port 8081 (http) with context path ''
2024-03-10T12:48:07.981Z  INFO 810639 --- [           main] b.ocdbackend.OcdbackendApplication       : Started OcdbackendApplication in 5.493 seconds (process running for 6.289)
[65e3a7db3072af19004aa00d]
2024-03-10T12:48:34.960Z  INFO 810639 --- [0.0-8081-exec-1] o.a.c.c.C.[Tomcat].[localhost].[/]       : Initializing Spring DispatcherServlet 'dispatcherServlet'
2024-03-10T12:48:34.960Z  INFO 810639 --- [0.0-8081-exec-1] o.s.web.servlet.DispatcherServlet        : Initializing Servlet 'dispatcherServlet'
2024-03-10T12:48:34.963Z  INFO 810639 --- [0.0-8081-exec-1] o.s.web.servlet.DispatcherServlet        : Completed initialization in 3 ms
5410
65e5a83c59186475ecf9ea94
3912
65e5a83c59186475ecf9ea94
